[22:53:04] [main/INFO]: Setting user: Player126
[22:53:06] [Client thread/INFO]: LWJGL Version: 2.9.1
[22:53:16] [Client thread/INFO]: Reloading ResourceManager: Default, FMLFileResourcePack:Forge Mod Loader, FMLFileResourcePack:Minecraft Forge, FMLFileResourcePack:SAOmod
[22:53:17] [Sound Library Loader/INFO]: Sound engine started
[22:53:18] [Client thread/INFO]: Created: 16x16 textures/blocks-atlas
[22:53:18] [Client thread/INFO]: Created: 16x16 textures/items-atlas
[22:53:19] [Client thread/INFO]: Reloading ResourceManager: Default, FMLFileResourcePack:Forge Mod Loader, FMLFileResourcePack:Minecraft Forge, FMLFileResourcePack:SAOmod
[22:53:19] [Client thread/INFO]: Created: 512x256 textures/blocks-atlas
[22:53:19] [Client thread/INFO]: Created: 256x256 textures/items-atlas
[22:53:20] [Sound Library Loader/INFO]: Sound engine started
[22:53:24] [Server thread/INFO]: Starting integrated minecraft server version 1.7.10
[22:53:24] [Server thread/INFO]: Generating keypair
[22:53:24] [Server thread/INFO]: Preparing start region for level 0
[22:53:25] [Server thread/INFO]: Preparing spawn area: 85%
[22:53:26] [Server thread/INFO]: Changing view distance to 12, from 10
[22:53:26] [Server thread/INFO]: Player126[local:E:a9e72bdc] logged in with entity id 292 at (-888.21406708786, 4.0, -875.2616820372006)
[22:53:26] [Server thread/INFO]: Player126 がゲームに参加しました
[22:53:27] [Server thread/INFO]: Saving and pausing game...
[22:53:27] [Server thread/INFO]: Saving chunks for level 'TESTワールドNO.1'/Overworld
[22:53:27] [Server thread/INFO]: Saving chunks for level 'TESTワールドNO.1'/Nether
[22:53:27] [Server thread/INFO]: Saving chunks for level 'TESTワールドNO.1'/The End
[22:53:27] [pool-2-thread-1/WARN]: Couldn't look up profile properties for com.mojang.authlib.GameProfile@569aac22[id=2c9d87c8-64e7-3ca8-861e-e4a9ef3d93bc,name=Player126,properties={},legacy=false]
com.mojang.authlib.exceptions.AuthenticationUnavailableException: Cannot contact authentication server
	at com.mojang.authlib.yggdrasil.YggdrasilAuthenticationService.makeRequest(YggdrasilAuthenticationService.java:71) ~[YggdrasilAuthenticationService.class:?]
	at com.mojang.authlib.yggdrasil.YggdrasilMinecraftSessionService.fillGameProfile(YggdrasilMinecraftSessionService.java:158) [YggdrasilMinecraftSessionService.class:?]
	at com.mojang.authlib.yggdrasil.YggdrasilMinecraftSessionService$1.load(YggdrasilMinecraftSessionService.java:53) [YggdrasilMinecraftSessionService$1.class:?]
	at com.mojang.authlib.yggdrasil.YggdrasilMinecraftSessionService$1.load(YggdrasilMinecraftSessionService.java:50) [YggdrasilMinecraftSessionService$1.class:?]
	at com.google.common.cache.LocalCache$LoadingValueReference.loadFuture(LocalCache.java:3524) [guava-17.0.jar:?]
	at com.google.common.cache.LocalCache$Segment.loadSync(LocalCache.java:2317) [guava-17.0.jar:?]
	at com.google.common.cache.LocalCache$Segment.lockedGetOrLoad(LocalCache.java:2280) [guava-17.0.jar:?]
	at com.google.common.cache.LocalCache$Segment.get(LocalCache.java:2195) [guava-17.0.jar:?]
	at com.google.common.cache.LocalCache.get(LocalCache.java:3934) [guava-17.0.jar:?]
	at com.google.common.cache.LocalCache.getOrLoad(LocalCache.java:3938) [guava-17.0.jar:?]
	at com.google.common.cache.LocalCache$LocalLoadingCache.get(LocalCache.java:4821) [guava-17.0.jar:?]
	at com.google.common.cache.LocalCache$LocalLoadingCache.getUnchecked(LocalCache.java:4827) [guava-17.0.jar:?]
	at com.mojang.authlib.yggdrasil.YggdrasilMinecraftSessionService.fillProfileProperties(YggdrasilMinecraftSessionService.java:148) [YggdrasilMinecraftSessionService.class:?]
	at net.minecraft.client.resources.SkinManager$3.run(SkinManager.java:133) [SkinManager$3.class:?]
	at java.util.concurrent.Executors$RunnableAdapter.call(Executors.java:511) [?:1.8.0_212]
	at java.util.concurrent.FutureTask.run(FutureTask.java:266) [?:1.8.0_212]
	at java.util.concurrent.ThreadPoolExecutor.runWorker(ThreadPoolExecutor.java:1149) [?:1.8.0_212]
	at java.util.concurrent.ThreadPoolExecutor$Worker.run(ThreadPoolExecutor.java:624) [?:1.8.0_212]
	at java.lang.Thread.run(Thread.java:748) [?:1.8.0_212]
Caused by: java.net.UnknownHostException: sessionserver.mojang.com
	at java.net.AbstractPlainSocketImpl.connect(AbstractPlainSocketImpl.java:184) ~[?:1.8.0_212]
	at java.net.SocksSocketImpl.connect(SocksSocketImpl.java:392) ~[?:1.8.0_212]
	at java.net.Socket.connect(Socket.java:589) ~[?:1.8.0_212]
	at sun.security.ssl.SSLSocketImpl.connect(SSLSocketImpl.java:666) ~[?:1.8.0_212]
	at sun.net.NetworkClient.doConnect(NetworkClient.java:175) ~[?:1.8.0_212]
	at sun.net.www.http.HttpClient.openServer(HttpClient.java:463) ~[?:1.8.0_212]
	at sun.net.www.http.HttpClient.openServer(HttpClient.java:558) ~[?:1.8.0_212]
	at sun.net.www.protocol.https.HttpsClient.<init>(HttpsClient.java:264) ~[?:1.8.0_212]
	at sun.net.www.protocol.https.HttpsClient.New(HttpsClient.java:367) ~[?:1.8.0_212]
	at sun.net.www.protocol.https.AbstractDelegateHttpsURLConnection.getNewHttpClient(AbstractDelegateHttpsURLConnection.java:191) ~[?:1.8.0_212]
	at sun.net.www.protocol.http.HttpURLConnection.plainConnect0(HttpURLConnection.java:1199) ~[?:1.8.0_212]
	at sun.net.www.protocol.http.HttpURLConnection$6.run(HttpURLConnection.java:1040) ~[?:1.8.0_212]
	at sun.net.www.protocol.http.HttpURLConnection$6.run(HttpURLConnection.java:1038) ~[?:1.8.0_212]
	at java.security.AccessController.doPrivileged(Native Method) ~[?:1.8.0_212]
	at java.security.AccessController.doPrivilegedWithCombiner(AccessController.java:782) ~[?:1.8.0_212]
	at sun.net.www.protocol.http.HttpURLConnection.plainConnect(HttpURLConnection.java:1037) ~[?:1.8.0_212]
	at sun.net.www.protocol.https.AbstractDelegateHttpsURLConnection.connect(AbstractDelegateHttpsURLConnection.java:177) ~[?:1.8.0_212]
	at sun.net.www.protocol.http.HttpURLConnection.getInputStream0(HttpURLConnection.java:1564) ~[?:1.8.0_212]
	at sun.net.www.protocol.http.HttpURLConnection.access$200(HttpURLConnection.java:91) ~[?:1.8.0_212]
	at sun.net.www.protocol.http.HttpURLConnection$9.run(HttpURLConnection.java:1484) ~[?:1.8.0_212]
	at sun.net.www.protocol.http.HttpURLConnection$9.run(HttpURLConnection.java:1482) ~[?:1.8.0_212]
	at java.security.AccessController.doPrivileged(Native Method) ~[?:1.8.0_212]
	at java.security.AccessController.doPrivilegedWithCombiner(AccessController.java:782) ~[?:1.8.0_212]
	at sun.net.www.protocol.http.HttpURLConnection.getInputStream(HttpURLConnection.java:1481) ~[?:1.8.0_212]
	at sun.net.www.protocol.https.HttpsURLConnectionImpl.getInputStream(HttpsURLConnectionImpl.java:263) ~[?:1.8.0_212]
	at com.mojang.authlib.HttpAuthenticationService.performGetRequest(HttpAuthenticationService.java:126) ~[HttpAuthenticationService.class:?]
	at com.mojang.authlib.yggdrasil.YggdrasilAuthenticationService.makeRequest(YggdrasilAuthenticationService.java:54) ~[YggdrasilAuthenticationService.class:?]
	... 18 more
[22:53:31] [Server thread/INFO]: Player126 は [所持品の確認] の実績を取得した
[22:53:31] [Client thread/INFO]: [CHAT] Player126 は [所持品の確認] の実績を取得した
[22:54:15] [Server thread/INFO]: Saving and pausing game...
[22:54:15] [Server thread/INFO]: Saving chunks for level 'TESTワールドNO.1'/Overworld
[22:54:15] [Server thread/INFO]: Saving chunks for level 'TESTワールドNO.1'/Nether
[22:54:15] [Server thread/INFO]: Saving chunks for level 'TESTワールドNO.1'/The End
[22:55:49] [Server thread/INFO]: Saving and pausing game...
[22:55:49] [Server thread/INFO]: Saving chunks for level 'TESTワールドNO.1'/Overworld
[22:55:49] [Server thread/INFO]: Saving chunks for level 'TESTワールドNO.1'/Nether
[22:55:49] [Server thread/INFO]: Saving chunks for level 'TESTワールドNO.1'/The End
[22:55:50] [Server thread/INFO]: Stopping server
[22:55:50] [Server thread/INFO]: Saving players
[22:55:50] [Server thread/INFO]: Saving worlds
[22:55:50] [Server thread/INFO]: Saving chunks for level 'TESTワールドNO.1'/Overworld
[22:55:50] [Server thread/INFO]: Saving chunks for level 'TESTワールドNO.1'/Nether
[22:55:50] [Server thread/INFO]: Saving chunks for level 'TESTワールドNO.1'/The End
[22:55:52] [Client thread/INFO]: Stopping!
